2018-01-19 14:54:54.138  INFO 20368 --- [main] com.zz.shengyuan.SignApplication         : Starting SignApplication on zhengzhuo with PID 20368 (F:\ieda_workspace\sign\target\classes started by X-man in F:\ieda_workspace\sign)
2018-01-19 14:54:54.141  INFO 20368 --- [main] com.zz.shengyuan.SignApplication         : No active profile set, falling back to default profiles: default
2018-01-19 14:54:54.257  INFO 20368 --- [main] onfigReactiveWebServerApplicationContext : Refreshing org.springframework.boot.web.reactive.context.AnnotationConfigReactiveWebServerApplicationContext@38afe297: startup date [Fri Jan 19 14:54:54 CST 2018]; root of context hierarchy
2018-01-19 14:54:55.974  INFO 20368 --- [main] o.h.v.i.engine.ValidatorFactoryImpl      : HV000238: Temporal validation tolerance set to 0.
2018-01-19 14:54:56.248  INFO 20368 --- [main] s.w.r.r.m.a.RequestMappingHandlerMapping : Mapped "{[/log],methods=[GET]}" onto public java.lang.String com.zz.shengyuan.controller.SignController.getLogHtml()
2018-01-19 14:54:56.342  INFO 20368 --- [main] o.s.w.r.handler.SimpleUrlHandlerMapping  : Mapped URL path [/webjars/**] onto handler of type [class org.springframework.web.reactive.resource.ResourceWebHandler]
2018-01-19 14:54:56.342  INFO 20368 --- [main] o.s.w.r.handler.SimpleUrlHandlerMapping  : Mapped URL path [/**] onto handler of type [class org.springframework.web.reactive.resource.ResourceWebHandler]
2018-01-19 14:54:56.365  INFO 20368 --- [main] o.h.v.i.engine.ValidatorFactoryImpl      : HV000238: Temporal validation tolerance set to 0.
2018-01-19 14:54:56.386  INFO 20368 --- [main] o.s.w.r.r.m.a.ControllerMethodResolver   : Looking for @ControllerAdvice: org.springframework.boot.web.reactive.context.AnnotationConfigReactiveWebServerApplicationContext@38afe297: startup date [Fri Jan 19 14:54:54 CST 2018]; root of context hierarchy
2018-01-19 14:54:57.080  INFO 20368 --- [main] com.zaxxer.hikari.HikariDataSource       : testdb - Starting...
2018-01-19 14:54:57.427  INFO 20368 --- [main] com.zaxxer.hikari.HikariDataSource       : testdb - Start completed.
2018-01-19 14:54:57.489  INFO 20368 --- [main] j.LocalContainerEntityManagerFactoryBean : Building JPA container EntityManagerFactory for persistence unit 'default'
2018-01-19 14:54:57.510  INFO 20368 --- [main] o.hibernate.jpa.internal.util.LogHelper  : HHH000204: Processing PersistenceUnitInfo [
	name: default
	...]
2018-01-19 14:54:57.643  INFO 20368 --- [main] org.hibernate.Version                    : HHH000412: Hibernate Core {5.2.12.Final}
2018-01-19 14:54:57.644  INFO 20368 --- [main] org.hibernate.cfg.Environment            : HHH000206: hibernate.properties not found
2018-01-19 14:54:57.713  INFO 20368 --- [main] o.hibernate.annotations.common.Version   : HCANN000001: Hibernate Commons Annotations {5.0.1.Final}
2018-01-19 14:54:57.986  INFO 20368 --- [main] org.hibernate.dialect.Dialect            : HHH000400: Using dialect: org.hibernate.dialect.MySQL5Dialect
2018-01-19 14:54:58.580  INFO 20368 --- [main] j.LocalContainerEntityManagerFactoryBean : Initialized JPA EntityManagerFactory for persistence unit 'default'
2018-01-19 14:54:58.971  INFO 20368 --- [main] o.h.h.i.QueryTranslatorFactoryInitiator  : HHH000397: Using ASTQueryTranslatorFactory
2018-01-19 14:54:59.137  INFO 20368 --- [main] o.s.s.c.ThreadPoolTaskScheduler          : Initializing ExecutorService  'taskScheduler'
2018-01-19 14:54:59.413  INFO 20368 --- [main] o.s.j.e.a.AnnotationMBeanExporter        : Registering beans for JMX exposure on startup
2018-01-19 14:54:59.414  INFO 20368 --- [main] o.s.j.e.a.AnnotationMBeanExporter        : Bean with name 'dataSource' has been autodetected for JMX exposure
2018-01-19 14:54:59.418  INFO 20368 --- [main] o.s.j.e.a.AnnotationMBeanExporter        : Located MBean 'dataSource': registering with JMX server as MBean [com.zaxxer.hikari:name=dataSource,type=HikariDataSource]
2018-01-19 14:54:59.925  INFO 20368 --- [reactor-http-nio-1] r.ipc.netty.tcp.BlockingNettyContext     : Started HttpServer on /0:0:0:0:0:0:0:0:10011
2018-01-19 14:54:59.925  INFO 20368 --- [main] o.s.b.web.embedded.netty.NettyWebServer  : Netty started on port(s): 10011
2018-01-19 14:54:59.928  INFO 20368 --- [main] com.zz.shengyuan.SignApplication         : Started SignApplication in 6.438 seconds (JVM running for 8.741)
